<?xml version="1.0" encoding="UTF-8"?>
<!-- Generated by org.testng.reporters.JUnitReportReporter -->
<testsuite hostname="Saurabhchoudhari" failures="0" tests="1" name="Excel" time="2.815" errors="0" timestamp="2024-01-19T15:32:59 IST" skipped="0">
  <testcase classname="Excel" name="getExcel" time="2.815"/>
  <system-out/>
</testsuite> <!-- Excel -->
